<?xml version="1.0" encoding="UTF-8"?>
<!-- Generated by org.testng.reporters.JUnitXMLReporter -->
<testsuite ignored="0" hostname="DESKTOP-Q8UPSCI" failures="0" tests="8" name="chromeTest" time="0.166" errors="0" timestamp="2020-07-04T10:45:45 IST">
  <testcase classname="testNGDemo.Parallel_Chrome" name="details" time="0.016"/>
  <testcase classname="testNGDemo.Parallel_Chrome" name="launch" time="0.006"/>
  <testcase classname="testNGDemo.Parallel_Chrome" name="login" time="0.004"/>
  <testcase classname="testNGDemo.Parallel_Chrome" name="logout" time="0.005"/>
  <testcase classname="testNGDemo.Parallel_Firefox" name="details" time="0.004"/>
  <testcase classname="testNGDemo.Parallel_Firefox" name="launch" time="0.008"/>
  <testcase classname="testNGDemo.Parallel_Firefox" name="login" time="0.003"/>
  <testcase classname="testNGDemo.Parallel_Firefox" name="logout" time="0.006"/>
</testsuite> <!-- chromeTest -->
