<?xml version="1.0" encoding="UTF-8"?>
<!-- Generated by org.testng.reporters.JUnitXMLReporter -->
<testsuite ignored="0" hostname="DESKTOP-Q8UPSCI" failures="0" tests="12" name="chrome1Test" time="0.036" errors="0" timestamp="2020-07-04T09:42:08 IST">
  <testcase classname="testNGDemo.Parallel_Firefox" name="details" time="0.019"/>
  <testcase classname="testNGDemo.Parallel_Chrome" name="details" time="0.02"/>
  <testcase classname="testNGDemo.Parallel_Firefox" name="launch" time="0.007"/>
  <testcase classname="testNGDemo.Parallel_Chrome" name="launch" time="0.012"/>
  <testcase classname="testNGDemo.Parallel_Firefox" name="login" time="0.015"/>
  <testcase classname="testNGDemo.Parallel_Chrome" name="login" time="0.007"/>
  <testcase classname="testNGDemo.Parallel_Firefox" name="logout" time="0.007"/>
  <testcase classname="testNGDemo.Parallel_Chrome" name="logout" time="0.012"/>
  <testcase classname="testNGDemo.Parallel_Chrome" name="details" time="0.002"/>
  <testcase classname="testNGDemo.Parallel_Chrome" name="launch" time="0.001"/>
  <testcase classname="testNGDemo.Parallel_Chrome" name="login" time="0.007"/>
  <testcase classname="testNGDemo.Parallel_Chrome" name="logout" time="0.003"/>
</testsuite> <!-- chrome1Test -->
