<?xml version="1.0" encoding="UTF-8"?>
<!-- Generated by org.testng.reporters.JUnitXMLReporter -->
<testsuite ignored="0" hostname="DESKTOP-Q8UPSCI" failures="0" tests="6" name="demo" time="0.166" errors="0" timestamp="2020-07-01T13:42:33 IST">
  <testcase classname="testNGDemo.TestDemo1" name="testCase1" time="0.017"/>
  <testcase classname="testNGDemo.TestDemo1" name="testCase2" time="0.006"/>
  <testcase classname="testNGDemo.TestDemo2" name="testCase21" time="0.005"/>
  <testcase classname="testNGDemo.TestDemo2" name="testCase22" time="0.01"/>
  <testcase classname="testNGDemo.TestDemo3" name="testCase31" time="0.006"/>
  <testcase classname="testNGDemo.TestDemo3" name="testCase32" time="0.007"/>
</testsuite> <!-- demo -->
