<?xml version="1.0" encoding="UTF-8"?>
<!-- Generated by org.testng.reporters.JUnitXMLReporter -->
<testsuite ignored="2" hostname="DESKTOP-Q8UPSCI" failures="0" tests="2" name="firefoxTest" time="0.086" errors="0" timestamp="2020-07-04T10:50:39 IST">
  <testcase classname="testNGDemo.Parallel_Firefox" name="login" time="0.015"/>
  <testcase classname="testNGDemo.Parallel_Firefox" name="logout" time="0.003"/>
  <testcase classname="testNGDemo.Parallel_Firefox" name="details" time="0.0">
    <ignored/>
  </testcase> <!-- details -->
  <testcase classname="testNGDemo.Parallel_Firefox" name="launch" time="0.0">
    <ignored/>
  </testcase> <!-- launch -->
</testsuite> <!-- firefoxTest -->
