<?xml version="1.0" encoding="UTF-8"?>
<!-- Generated by org.testng.reporters.JUnitXMLReporter -->
<testsuite ignored="0" hostname="DESKTOP-Q8UPSCI" failures="1" tests="6" name="parameterDemo" time="0.15" errors="0" timestamp="2020-07-03T00:45:05 IST">
  <testcase classname="testNGDemo.TestDemo2" name="login" time="0.014"/>
  <testcase classname="testNGDemo.TestDemo2" name="testCase21" time="0.009"/>
  <testcase classname="testNGDemo.TestDemo2" name="testCase22" time="0.005"/>
  <testcase classname="testNGDemo.TestDemo1" name="signUp" time="0.0">
    <failure type="org.testng.TestNGException" message="
Parameter &amp;apos;URL&amp;apos; is required by @Test on method signUp but has not been marked @Optional or defined
in D:\JavaWorkspace\RahulShettyTraining\parameterisation.xml">
      <![CDATA[org.testng.TestNGException: 
Parameter 'URL' is required by @Test on method signUp but has not been marked @Optional or defined
in D:\JavaWorkspace\RahulShettyTraining\parameterisation.xml
at java.base/java.util.ArrayList.forEach(ArrayList.java:1510)
... Removed 26 stack frames]]>
    </failure>
  </testcase> <!-- signUp -->
  <testcase classname="testNGDemo.TestDemo1" name="testCase1" time="0.006"/>
  <testcase classname="testNGDemo.TestDemo1" name="testCase2" time="0.008"/>
</testsuite> <!-- parameterDemo -->
