<?xml version="1.0" encoding="UTF-8"?>
<!-- Generated by org.testng.reporters.JUnitXMLReporter -->
<testsuite ignored="0" hostname="DESKTOP-Q8UPSCI" failures="0" tests="9" name="parameter2Demo" time="0.074" errors="0" timestamp="2020-07-03T00:45:05 IST">
  <testcase classname="testNGDemo.TestDemo3" name="login" time="0.001"/>
  <testcase classname="testNGDemo.TestDemo3" name="testCase31" time="0.004"/>
  <testcase classname="testNGDemo.TestDemo3" name="testCase32" time="0.002"/>
  <testcase classname="testNGDemo.TestDemo4" name="atest1" time="0.002"/>
  <testcase classname="testNGDemo.TestDemo4" name="signUpDetails" time="0.002"/>
  <testcase classname="testNGDemo.TestDemo4" name="test" time="0.003"/>
  <testcase classname="testNGDemo.TestDemo1" name="signUp" time="0.005"/>
  <testcase classname="testNGDemo.TestDemo1" name="testCase1" time="0.002"/>
  <testcase classname="testNGDemo.TestDemo1" name="testCase2" time="0.001"/>
</testsuite> <!-- parameter2Demo -->
