<?xml version="1.0" encoding="UTF-8"?>
<!-- Generated by org.testng.reporters.JUnitXMLReporter -->
<testsuite ignored="7" hostname="DESKTOP-Q8UPSCI" failures="0" tests="0" time="0.015" errors="0" timestamp="2020-07-02T18:27:02 IST">
  <testcase classname="testNGDemo.TestDemo3" name="testCase31" time="0.0">
    <ignored/>
  </testcase> <!-- testCase31 -->
  <testcase classname="testNGDemo.TestDemo2" name="testCase21" time="0.0">
    <ignored/>
  </testcase> <!-- testCase21 -->
  <testcase classname="testNGDemo.TestDemo1" name="testCase2" time="0.0">
    <ignored/>
  </testcase> <!-- testCase2 -->
  <testcase classname="testNGDemo.TestDemo4" name="test" time="0.0">
    <ignored/>
  </testcase> <!-- test -->
  <testcase classname="testNGDemo.TestDemo1" name="testCase1" time="0.0">
    <ignored/>
  </testcase> <!-- testCase1 -->
  <testcase classname="testNGDemo.TestDemo2" name="testCase22" time="0.0">
    <ignored/>
  </testcase> <!-- testCase22 -->
  <testcase classname="testNGDemo.TestDemo3" name="testCase32" time="0.0">
    <ignored/>
  </testcase> <!-- testCase32 -->
</testsuite>
