<?xml version="1.0" encoding="UTF-8"?>
<!-- Generated by org.testng.reporters.JUnitXMLReporter -->
<testsuite ignored="3" hostname="DESKTOP-Q8UPSCI" failures="0" tests="1" name="web" time="0.011" errors="0" timestamp="2020-07-01T00:52:31 IST">
  <testcase classname="testNGDemo.TestDemo4" name="testCase44" time="0.002"/>
  <testcase classname="testNGDemo.TestDemo4" name="testCase43" time="0.0">
    <ignored/>
  </testcase> <!-- testCase43 -->
  <testcase classname="testNGDemo.TestDemo4" name="testCase41" time="0.0">
    <ignored/>
  </testcase> <!-- testCase41 -->
  <testcase classname="testNGDemo.TestDemo4" name="testCase42" time="0.0">
    <ignored/>
  </testcase> <!-- testCase42 -->
</testsuite> <!-- web -->
