<?xml version="1.0" encoding="UTF-8"?>
<testng-results ignored="0" total="1" passed="1" failed="0" skipped="0">
  <reporter-output>
  </reporter-output>
  <suite started-at="2020-07-13T20:57:29 IST" name="Default suite" finished-at="2020-07-13T20:57:36 IST" duration-ms="7530">
    <groups>
    </groups>
    <test started-at="2020-07-13T20:57:29 IST" name="Default test" finished-at="2020-07-13T20:57:36 IST" duration-ms="7530">
      <class name="testNGDemo.SauceLabsTesting">
        <test-method signature="crossBrowserTesting_RS()[pri:0, instance:testNGDemo.SauceLabsTesting@38102d01]" started-at="2020-07-13T20:57:29 IST" name="crossBrowserTesting_RS" finished-at="2020-07-13T20:57:36 IST" duration-ms="7461" status="PASS">
          <reporter-output>
          </reporter-output>
        </test-method> <!-- crossBrowserTesting_RS -->
      </class> <!-- testNGDemo.SauceLabsTesting -->
    </test> <!-- Default test -->
  </suite> <!-- Default suite -->
</testng-results>
